<?xml version="1.0" encoding="UTF-8"?>
<!-- Generated by org.testng.reporters.JUnitXMLReporter -->
<testsuite ignored="0" hostname="DESKTOP-91I88RH" failures="0" tests="2" name="BankingApp Test" time="36.383" errors="0" timestamp="07 Jan 2022 12:23:45 GMT">
  <testcase classname="com.inetbanking.testCases.TC_LoginTest_001" name="loginTest" time="2.202"/>
  <testcase classname="com.inetbanking.testCases.TC_AddCustomerTest_003" name="addNewCustomer" time="24.036"/>
</testsuite> <!-- BankingApp Test -->
