<?xml version="1.0" encoding="UTF-8"?>
<testng-results ignored="0" total="2" passed="2" failed="0" skipped="0">
  <reporter-output>
  </reporter-output>
  <suite started-at="2022-01-07T12:23:09Z" name="InetBankingV1" finished-at="2022-01-07T12:23:45Z" duration-ms="36383">
    <groups>
    </groups>
    <test started-at="2022-01-07T12:23:09Z" name="BankingApp Test" finished-at="2022-01-07T12:23:45Z" duration-ms="36383">
      <class name="com.inetbanking.testCases.TC_LoginTest_001">
        <test-method is-config="true" signature="setup(java.lang.String)[pri:0, instance:com.inetbanking.testCases.TC_LoginTest_001@38e79ae3]" started-at="2022-01-07T12:23:09Z" name="setup" finished-at="2022-01-07T12:23:15Z" duration-ms="5605" status="PASS">
          <params>
            <param index="0">
              <value>
                <![CDATA[chrome]]>
              </value>
            </param>
          </params>
          <reporter-output>
          </reporter-output>
        </test-method> <!-- setup -->
        <test-method signature="loginTest()[pri:0, instance:com.inetbanking.testCases.TC_LoginTest_001@38e79ae3]" started-at="2022-01-07T12:23:15Z" name="loginTest" finished-at="2022-01-07T12:23:17Z" duration-ms="2202" status="PASS">
          <reporter-output>
          </reporter-output>
        </test-method> <!-- loginTest -->
        <test-method is-config="true" signature="tearDown()[pri:0, instance:com.inetbanking.testCases.TC_LoginTest_001@38e79ae3]" started-at="2022-01-07T12:23:17Z" name="tearDown" finished-at="2022-01-07T12:23:17Z" duration-ms="153" status="PASS">
          <reporter-output>
          </reporter-output>
        </test-method> <!-- tearDown -->
      </class> <!-- com.inetbanking.testCases.TC_LoginTest_001 -->
      <class name="com.inetbanking.testCases.TC_AddCustomerTest_003">
        <test-method is-config="true" signature="setup(java.lang.String)[pri:0, instance:com.inetbanking.testCases.TC_AddCustomerTest_003@63070bab]" started-at="2022-01-07T12:23:17Z" name="setup" finished-at="2022-01-07T12:23:21Z" duration-ms="3971" status="PASS">
          <params>
            <param index="0">
              <value>
                <![CDATA[chrome]]>
              </value>
            </param>
          </params>
          <reporter-output>
          </reporter-output>
        </test-method> <!-- setup -->
        <test-method signature="addNewCustomer()[pri:0, instance:com.inetbanking.testCases.TC_AddCustomerTest_003@63070bab]" started-at="2022-01-07T12:23:21Z" name="addNewCustomer" finished-at="2022-01-07T12:23:45Z" duration-ms="24036" status="PASS">
          <reporter-output>
          </reporter-output>
        </test-method> <!-- addNewCustomer -->
        <test-method is-config="true" signature="tearDown()[pri:0, instance:com.inetbanking.testCases.TC_AddCustomerTest_003@63070bab]" started-at="2022-01-07T12:23:45Z" name="tearDown" finished-at="2022-01-07T12:23:45Z" duration-ms="161" status="PASS">
          <reporter-output>
          </reporter-output>
        </test-method> <!-- tearDown -->
      </class> <!-- com.inetbanking.testCases.TC_AddCustomerTest_003 -->
    </test> <!-- BankingApp Test -->
  </suite> <!-- InetBankingV1 -->
</testng-results>
